[    0.000000] Initializing cgroup subsys cpuset
[    0.000000] Initializing cgroup subsys cpu
[    0.000000] Initializing cgroup subss cpuacct
[    0.000000] Linux version 4.4.0-139-generic (buildd@lcy01-amd64-006) (gcc version.4.0 20160609 (Ubuntu 5.4.0-6ubuntu1~16.04.10) ) #165-Ubunu MP Wed Oct 24 10:58:50 UTC 2018 (Ubuntu 4.4.0-139.165-generic 4.4.160)
[    0.000000] Command line: BOOT_IMAGE=/boot/vmlinuz-4.4.0-139-generic root=LABEL=cloudimg-rootfs ro console=tty1 console=ttyS0
[    0.000000] KERNEL supported cpus:
[    0.000000]   Intel GenuineIntel
[    0.000000]   AMD AuthenticAMD
[    0.000000] Centaur CentaurHauls
[    0.000000] x86/fpu: xstate_offset[2]:  576, xstate_sizes[2]:  256
[    0.000000] x86/fpu: Supporting XSAVE feature 0x: 'x87 floating point registers'
[    0.000000] x86/fpu: Supporting XSAVE feature 0x02: 'SSE registers'
[    .000000] x86/fpu: Supporting XSAVE feature 0x04: 'AVX registers'
[   0.000000] x86/fpu: Enabled xstate features 0x7, context size is 832 bytes, using 'standard' format.
[    0.000000] e820: BIOS-provided physical RAM map:
[    0.000000] BIOS-e820: [mem 0x0000000000000000-0x0000000009fbff] usable
[    0.000000] BIOS-e820: [mem 0x000000000009fc00-0x000000000009ffff] reserved
[    0.000000] BIOS-e820 [mem 0x00000000000f0000-0x00000000000fffff] reserved
[    0.000000] BIOS-e820: [mem 0x0000000000100000-0x000000003ffeffff] usable
[    0.000000] BIOS-e820: [mem 0x00000003fff0000-0x000000003fffffff] ACPI data
[    0.000000] BIOS-e820: [mem 0x00000000fec00000-0x00000000fec00fff] reserved
[  0.000000] BIOS-e820: [mem 0x00000000fee00000-0x00000000fee00fff] reserved
[    0.000000] BIOS-e820: [mem 0x00000000fffc00-0x00000000ffffffff] reserved
[    0.000000] NX (Execute Disable) protection: active
[    0.000000] SMBIOS 2.5 present.
[    0.000000] Hypervisor detected: KVM
[    0.000000] e820: last_pfn = 0x3fff0 max_arch_pfn = 0x400000000
[    0.000000] MTRR: Disabled
[    0.000000] x86/PAT: MTRRs disabled, skipping PAT initialization too.
[    0.000000] CPU MTRRs all blank - virtualized system.
[    0.000000] x86/PAT: Configuration [0-7]: WB  WT  UC- UC  WB  WT  UC- UC  
[    0.000000] found SMP MP-table at [mem 0x0009fff0-0x0009ffff] mapped at [ffff88000009fff0]
[    0.000000] Scanning 1 areas for low memory corruption
[    0.000000] RAMDISK: [mem 0x3630c000-0x3717dfff]
[    0.000000] ACPI: Early table checksum verification disabled
[    0.000000] ACPI: RSDP 0x00000000000E0000 000024 (v02 VBOX  )
[    0.000000] ACPI: XSDT 0x000000003FFF0030 00003C (v01 VBO   VBOXXSDT 00000001 ASL  00000061)
[    0.000000] ACPI: FACP 0x00000003FFF00F0 0000F4 (v04 VBOX   VBOXFACP00000001 ASL  00000061)
[    0.000000] ACPI: DSDT 0x000000003FFF0470 0021FF (v02 VBOX   VBOXBIOS 00000002 INTL 20100528)
[    0.000000] ACPI: FACS 0x000000003FFF0200 000040
[    0.000000] ACPI: FACS 0x000000003FFF0200 000040
[    0.000000] ACPI: APIC 0x000000003FFF0240 00005C (v02 VBOX   VBOXAPIC 00000001 ASL  00000061)
[    0.00000] ACPI: SSDT 0x000000003FFF02A0 0001CC (v01 VBOX   VBOXCPUT 00000002 INTL 20100528)
[    0.000000] No NUMA configuration found
[    0.000000] Faking a node at [mem 0x0000000000000000-0x000000003ffeffff]
[    0.000000] NODE_DATA(0) allocated [mem 0x3ffeb000-0x3ffeffff]
[    0.000000] kvm-clock: Using msr 4b564d01 and 4b564d00
[    0.000000] kvm-clock: cpu 0, msr 0:3ffe3001, primary cpu clock
[    0.000000] kvm-clock: using sched offset of 4114497689 cycles
[    0.000000] clocksource: kvm-clock: mask: 0xffffffffffffffff max_cycles: 0x1cd42e4dffb, max_idle_ns: 881590591483 ns
[    0.000000] Zone ranges:
[    0.000000]   DMA      [mem 0x0000000000001000-0x0000000000ffffff]
[    0.000000]   DMA32    [mem 0x0000000001000000-0x000000003ffeffff]
[    0.000000]   Normal   empty
[    0.000000]   Device   empty
[    0.000000] Movable zone start for each node
[    0.000000] Early memory node ranges
[    0.000000]   node   0: [mem 0x0000000000001000-0x000000000009efff]
[    0.000000]   node   0: [mem 0x0000000000100000-0x000000003ffeffff]
[    0.000000] Initmem setup node 0 [mem 0x0000000000001000-0x000000003ffeffff]
[    0.000000] ACPI: PM-Timer IO Port: 0x4008
[    0.000000] IOAPIC[0]: api_id 2, version 32, address 0xfec00000, GSI 0-23
[    0.000000] ACPI: INT_SRC_OVR (bus 0 bus_irq 0lobal_irq 2 dfl dfl)
[    0.000000] ACPI: INT_SRC_OVR (bus 0 bus_irq 9 global_irq 9 low level)
[    0.000000] Using ACPI (MADT) for SMP configuration information
[    0.000000] smpboot: Allowing 2 CPUs, 0 hotplug CPUs
[    0.000000] PM: Registered nosave memory: [mem 0x00000000-0x00000fff]
[    0.000000] PM: Registered nosave memory: [mem 0x0009f000-0x0009ffff]
[    0.000000] PM: Registered nosave memory: [mem 0x000000-0x000effff]
[    0.000000] PM: Registered nosave memory: [memm 0x000f0000-0x000fffff]
[    0.000000] e820: [mem 0x40000000-0xfebfffff] available for PCI devices
[    0.000000Booting paravirtualized kernel on KVM
[    0.000000] clocksource: refined-jiffies: mask: 0xffffffff max_cycles 0ffffffff, max_idle_ns: 7645519600211568 ns
[    0.000000] setup_percpu: NR_CPUS:512 nr_cpumask_bits:512 nr_cpu_ids:2 nr_node_ids:1
[    0.000000] PERCPU: Embedded 34 pages/cpu @ffff88003fc00000 s99608 r8192 d31464 u1048576
[    0.000000] PV qspinlock hash tale entries: 256 (order: 0, 4096 bytes)
[    0.000000] uilt 1 zonelists in Node order, mobility grouping on Total pages: 257912
[    0.000000] Policy zone: DMA32
[    0.000000] Kernel command line: BOOT_IMAGE=/boot/vmlinuz-4.4.0-139-generic root=LABEL=cloudimg-rootfs ro console=tty1 console=ttyS0
[    0.000000] PID hash tablentries: 4096 (order: 3, 32768 bytes)
[    0.000000] Memory: 997712K/1048120K available (8564K kernel code, 1314K rwdata, 4004K rodata, 1528K init, 1316K bss, 50408K reserved, 0K cma-reserved)
[    0.000000] SLUB: HWalign=64, Order=0-3, MinObjects=0, CPUs=2, Nodes=1
[    0.000000] Kernel/User page tables isolation: enabled
[    0.000000] Hierarchical RCU implementation.
[    0.000000] 	Build-time adjustment of leaf fanout to 64.
[    0.000000] 	RCU restricting CPUs from NR_CPUS=512 to nr_cpu_ids=2.
[    0.000000] RCU: Adjusting geometry for rcu_fanout_leaf=64, nr_cpu_ids=2
[    0.000000] NR_IRQS:33024 nr_irqs:440 16
[    0.000000] Console: colour VGA+ 80x25[    0.0000] console [tty1] enabled
[    0.000000] console [ttyS0] enabled
[    0.000000] tsc: Detected 2207.998 MHz processor
[    1.426884] Calibrating delay loop (skipped) preset value.. 4415.99 BogoMIPS (lpj=8831992)
[    1.462263] pid_max: default: 32768 minimum: 301
[    1.465694] ACPI: Core revision 20150930
[    1.472511] ACPI: 2 ACPI AML tables successfully acquired and loaded
[    1.486493] Security Framework initialized
[    1.489795] Yama: becoming mindful.
[    1.499874] AppArmor: AppArmor initialized
[    1.507840] Dentry cache hash table entries: 131072 (order: 8, 1048576 bytes)
[    1.522942] Inode-cache hash table entries: 65536 (order: 7, 524288 bytes)
[    1.553039] Mount-cache hash table entries: 2048 (order: 2, 16384 bytes)
[    1.571326] Mountpoint-cache hash table entries: 2048 (order: 2, 16384 bytes)
[    1.580953] Initializing cgroup subsys io
[    1.582411] Initializing cgroup subsys memory
[    1.584044] Initializing cgroup subsys devices
[    1.585574] Initializing cgroup subsys freezer
[    1.592017] Initializing cgroup subsys net_cls
[    1.599985] Initializing cgroup subsys perf_event
[    1.616416] Initializing cgroup subsys net_prio
[    1.627504] Initializing cgroup subsys hugetlb
[    1.633450] Initializing cgroup subsys pids
[    1.637168] mce: CPU supports 0 MCE banks
[    1.644872] Last level iTLB entries: 4KB 64, 2MB 8, 4MB 8
[    1.666849] Last level dTLB entries: 4KB 64, 2MB 0, 4MB 0, 1GB 4
[    1.668826] Spectre V2 : Mitigation: Full generic retpoline
[    1.677459] Spectre V2 : Spectre v2 mitigation: Speculation control IBPB not-supported IBRS not-supported
[    1.695563] Spectre V2 : Spectre v2 / SpectreRSB mitigation: Filling RSB on context switch
[    1.704786] Speculative Store Bypass: Vulnerable
[    1.710266] Freeing SMP alternatives memory: 32K
[    1.728112] ftrace: allocating 32278 entries in 127 pages
[    1.818556] smpboot: APIC(0) Converting physical 0 to logical package 0
[    1.835617] smpboot: Max logical packages: 1
[    1.858826] x2apic enabled
[    1.867523] Switched APIC routing to physical x2apic.
[    1.879462] ..TIMER: vector=0x30 apic1=0 pin1=2 apic2=-1 pin2=-1
[    2.007583] APIC calibration not consistent with PM-Timer: 112ms instead of 100ms
[    2.042618] APIC delta adjusted to PM-Timer: 6246444 (7002257)
[    2.054948] smpboot: CPU0: Intel(R) Core(TM) i7-6560U CPU @ 2.20GHz (family: 0x6, model: 0x4e, stepping: 0x3)
[    2.103653] Performance Events: unsupported p6 CPU model 78 no PMU driver, software events only.
[    2.107762] KVM setup paravirtual spinlock
[    2.110702] x86: Booting SMP configuration:
[    2.112719] .... node  #0, CPUs:      #1
[    2.114456] kvm-clock: cpu 1, msr 0:3ffe3041, secondary cpu clock
[    2.141545] mce: CPU supports 0 MCE banks
[    2.147831] x86: Booted up 1 node, 2 CPUs
[    2.154137] smpboot: Total of 2 processors activated (8831.99 BogoMIPS)
[    2.169032] devtmpfs: initialized
[    2.173170] evm: security.selinux
[    2.174467] evm: security.SMACK64
[    2.175645] evm: security.SMACK64EXEC
[    2.176982] evm: security.SMACK64TRANSMUTE
[    2.178413] evm: security.SMACK64MMAP
[    2.181307] evm: security.ima
[    2.182534] evm: security.capability
[    2.191520] clocksource: jiffies: mask: 0xffffffff max_cycles: 0xffffffff, max_idle_ns: 7645041785100000 ns
[    2.195200] futex hash table entries: 512 (order: 3, 32768 bytes)
[    2.210625] pinctrl core: initialized pinctrl subsystem
[    2.213045] RTC time:  3:51:37, date: 11/24/18
[    2.224538] NET: Registered protocol family 16
[    2.236083] cpuidle: using governor ladder
[    2.263304] cpuidle: using governor menu
[    2.265101] PCCT header not found.
[    2.266671] ACPI: bus type PCI registered
[    2.268726] acpiphp: ACPI Hot Plug PCI Controller Driver version: 0.5
[    2.271863] PCI: Using configuration type 1 for base access
[    2.284678] ACPI: Added _OSI(Module Device)
[    2.286597] ACPI: Added _OSI(Processor Device)
[    2.294581] ACPI: Added _OSI(3.0 _SCP Extensions)
[    2.298799] ACPI: Added _OSI(Processor Aggregator Device)
[    2.302655] ACPI: Executed 1 blocks of module-level executable AML code
[    2.316049] ACPI: Interpreter enabled
[    2.317703] ACPI: (supports S0 S5)
[    2.319333] ACPI: Using IOAPIC for interrupt routing
[    2.322210] PCI: Using host bridge windows from ACPI; if necessary, use "pci=nocrs" and report a bug
[    2.339893] ACPI: PCI Root Bridge [PCI0] (domain 0000 [bus 00-ff])
[    2.352152] acpi PNP0A03:00: _OSC: OS supports [ASPM ClockPM Segments MSI]
[    2.355323] acpi PNP0A03:00: _OSC: not requesting OS control; OS requires [ExtendedConfig ASPM ClockPM MSI]
[    2.359386] acpi PNP0A03:00: fail to add MMCONFIG information, can't access extended PCI configuration space under this bridge.
[    2.363755] PCI host bridge to bus 0000:00
[    2.365619] pci_bus 0000:00: root bus resource [io  0x0000-0x0cf7 window]
[    2.368300] pci_bus 0000:00: root bus resource [io  0x0d00-0xffff window]
[    2.371067] pci_bus 0000:00: root bus resource [mem 0x000a0000-0x000bffff window]
[    2.377046] pci_bus 0000:00: root bus resource [mem 0x40000000-0xfdffffff window]
[    2.389445] pci_bus 0000:00: root bus resource [bus 00-ff]
[    2.394314] pci 0000:00:01.1: legacy IDE quirk: reg 0x10: [io  0x01f0-0x01f7]
[    2.415288] pci 0000:00:01.1: legacy IDE quirk: reg 0x14: [io  0x03f6]
[    2.424978] pci 0000:00:01.1: legacy IDE quirk: reg 0x18: [io  0x0170-0x0177]
[    2.427687] pci 0000:00:01.1: legacy IDE quirk: reg 0x1c: [io  0x0376]
[    2.454649] pci 0000:00:07.0: quirk: [io  0x4000-0x403f] claimed by PIIX4 ACPI
[    2.459226] pci 0000:00:07.0: quirk: [io  0x4100-0x410f] claimed by PIIX4 SMB
[    2.470735] ACPI: PCI Interrupt Link [LNKA] (IRQs 5 9 10 *11)
[    2.473669] ACPI: PCI Interrupt Link [LNKB] (IRQs 5 9 *10 11)
[    2.476398] ACPI: PCI Interrupt Link [LNKC] (IRQs 5 *9 10 11)
[    2.479554] ACPI: PCI Interrupt Link [LNKD] (IRQs 5 9 10 *11)
[    2.483160] ACPI: Enabled 2 GPEs in block 00 to 07
[    2.486187] vgaarb: setting as boot device: PCI:0000:00:02.0
[    2.497802] vgaarb: device added: PCI:0000:00:02.0,decodes=io+mem,owns=io+mem,locks=none
[    2.500582] vgaarb: loaded
[    2.501693] vgaarb: bridge control possible 0000:00:02.0
[    2.517476] SCSI subsystem initialized
[    2.519257] ACPI: bus type USB registered
[    2.521297] usbcore: registered new interface driver usbfs
[    2.529339] usbcore: registered new interface driver hub
[    2.542982] usbcore: registered new device driver usb
[    2.556752] PCI: Using ACPI for IRQ routing
[    2.571802] NetLabel: Initializing
[    2.579795] NetLabel:  domain hash size = 128
[    2.604984] NetLabel:  protocols = UNLABELED CIPSOv4
[    2.623711] NetLabel:  unlabeled traffic allowed by default
[    2.626158] amd_nb: Cannot enumerate AMD northbridges
[    2.629951] clocksource: Switched to clocksource kvm-clock
[    2.650255] AppArmor: AppArmor Fileystem Enabled
[    2.693057] pnp: PnP ACPI init
[    2.695742] pnp: PnP ACPI: found 3 devices

[    2.712462] clocksource: acpi_pm: mask: 0xffffff max_cycles: 0xffffff, max_idle_ns: 2085701024 ns
[    2.71550] NET: Registered protocol family 2

[    2.750548] TCP established hash table entries: 8192 (order: 4, 65536 bytes)
[    2.75461 TCP bindhash table entries: 8192 (order: 5, 131072 bytes)
[    2.879457] TCP: Hash tables configured (established 8192 bind 8192)
[    2.886710] UDP hash table entries: 512 (order: 2, 16384 bytes)
[    2.891632] UDP-Lite hash table entrie 512 (orde 2, 384 bytes)
[    3.092347] NET: Registered protocol family 1
[    3.094070] pci 0000:00:00.0: Limiting direct PCI/PCI transfers
[    3.096034] pci 0000:00:01.0: Activating ISA DMA hang workarounds
[    3.09841] Unpacking initramfs...

[    3.440433] Freeing initrd memory: 14792K
[    3.442130] platform rtc_cmos: registered platform RTC device (no PNP device found)
[    3.444858] Scanning for low memory corruption every 60 seconds
[    3.447504] audit: initializing netlink subsys (disabled)
[    3.449330] audit: type=2000 audit(1543031501.908:1): initialized
[    3.451616] Initialise system trusted keyring
[    3.456547] HugeTLB registered 2 MB page size, pre-allocated 0 pages
[    3.460603] zbud: loaded
[    3.462141] VFS: Disk quotas dquot_6.6.0
[    3.463665] VFS: Dquot-cache hash table entries: 512 (order 0, 4096 bytes)
[    3.466172] squashfs: version 4.0 (2009/01/31) Phillip Lougher
[    3.468594] fuse init (API version 7.23)
[    3.475950] Key type big_key registered
[    3.477424] Allocating IMA MOK and blacklist keyrings.
[    3.480482] Key type asymmetric registered
[    3.481924] Asymmetric key parser 'x509' registered
[    3.483701] Block layer SCSI generic (bsg) driver version 0.4 loaded (major 249)
[    3.486717] io scheduler noop registered
[    3.488425] io scheduler deadline registered (default)
[    3.490310] io scheduler cfq registered
[    3.491867] pci_hotplug: PCI Hot Plug PCI Core version: 0.5
[    3.493758] pciehp: PCI Express Hot Plug Controller Driver version: 0.4
[    3.496140] ACPI: AC Adapter [AC] (on-line)
[    3.497692] input: Power Button as /devices/LNXSYSTM:00/LNXPWRBN:00/input/input0
[    3.500399] ACPI: Power Button [PWRF]
[    3.501839] input: Sleep Button as /devices/LNXSYSTM:00/LNXSLPBN:00/input/input1
[    3.521311] ACPI: Sleep Button [SLPF]
[    3.547094] GHES: HEST is not enabled!
[    3.548219] ACPI: Battery Slot [BAT0] (battery present)
[    3.556762] Serial: 8250/16550 driver, 32 ports, IRQ sharing enabled
[    3.594281] 00:02: ttyS0 at I/O 0x3f8 (irq = 4, base_baud = 115200) is a 16550A
[    3.598156] Linux agpgart interface v0.103
[    3.604834] loop: module loaded
[    3.606861] scsi host0: ata_piix
[    3.608427] scsi host1: ata_piix
[    3.609851] ata1: PATA max UDMA/33 cmd 0x1f0 ctl 0x3f6 bmdma 0xd000 irq 14
[    3.613821] ata2: PATA max UDMA/33 cmd 0x170 ctl 0x376 bmdma 0xd008 irq 15
[    3.623234] libphy: Fixed MDIO Bus: probed
[    3.627642] tun: Universal TUN/TAP device driver, 1.6
[    3.635994] tun: (C) 1999-2004 Max Krasnyansky <maxk@qualcomm.com>
[    3.645608] PPP generic driver version 2.4.2
[    3.647599] ehci_hcd: USB 2.0 'Enhanced' Host Controller (EHCI) Driver
[    3.651960] ehci-pci: EHCI PCI platform driver
[    3.655756] ehci-platform: EHCI generic platform driver
[    3.657867] ohci_hcd: USB 1.1 'Open' Host Controller (OHCI) Driver
[    3.664421] ohci-pci: OHCI PCI platform driver
[    3.666219] ohci-platform: OHCI generic platform driver
[    3.668399] uhci_hcd: USB Universal Host Controller Interface driver
[    3.675297] i8042: PNP: PS/2 Controller [PNP0303:PS2K,PNP0f03:PS2M] at 0x60,0x64 irq 1,12
[    3.685634] serio: i8042 KBD port at 0x60,0x64 irq 1
[    3.689236] serio: i8042 AUX port at 0x60,0x64 irq 12
[    3.691302] mousedev: PS/2 mouse device common for all mice
[    3.693601] input: AT Translated Set 2 keyboard as /devices/platform/i8042/serio0/input/input2
[    3.711431] rtc_cmos rtc_cmos: rtc core: registered rtc_cmos as rtc0
[    3.724340] rtc_cmos rtc_cmos: alarms up to one day, 114 bytes nvram
[    3.726542] i2c /dev entries driver
[    3.727983] device-mapper: uevent: version 1.0.3
[    3.729816] device-mapper: ioctl: 4.34.0-ioctl (2015-10-28) initialised: dm-devel@redhat.com
[    3.740793] ledtrig-cpu: registered to indicate activity on CPUs
[    3.743307] NET: Registered protocol family 10
[    3.744861] NET: Registered protocol family 17
[    3.746254] Key type dns_resolver registered
[    3.748166] registered taskstats version 1
[    3.749518] Loading compiled-in X.509 certificates
[    3.752018] Loaded X.509 cert 'Build time autogenerated kernel key: a88b0f663ecfd40e6a501dee2f0b211d51902e35'
[    3.757434] zswap: loaded using pool lzo/zbud
[    3.761052] Key type trusted registered
[    3.773244] Key type encrypted registered
[    3.774608] AppArmor: AppArmor sha1 policy hashing enabled
[    3.776202] ima: No TPM chip found, activating TPM-bypass!
[    3.777796] ima: Allocated hash algorithm: sha1
[    3.779536] evm: HMAC attrs: 0x1
[    3.781138]   Magic number: 10:489:867
[    3.790428] rtc_cmos rtc_cmos: setting system clock to 2018-11-24 03:51:38 UTC (1543031498)
[    3.803015] BIOS EDD facility v0.16 2004-Jun-25, 0 devices found
[    3.805165] EDD information not available.
[    3.808446] Freeing unused kernel memory: 1528K
[    3.818464] Write protecting the kernel read-only data: 14336k
[    3.822384] Freeing unused kernel memory: 1664K
[    3.824329] Freeing unused kernel memory: 92K
Loading, please wait...
starting version 229
[    3.846639] random: systemd-udevd: uninitialized urandom read (16 bytes read, 5 bits of entropy available)
[    3.847853] random: udevadm: uninitialized urandom read (16 bytes read, 5 bits of entropy available)
[    3.847878] random: udevadm: uninitialized urandom read (16 bytes read, 5 bits of entropy available)
[    3.860721] random: udevadm: uninitialized urandom read (16 bytes read, 5 bits of entropy available)
[    3.860782] random: udevadm: uninitialized urandom read (16 bytes read, 5 bits of entropy available)
[    3.860985] random: udevadm: uninitialized urandom read (16 bytes read, 5 bits of entropy available)
[    3.861065] random: udevadm: uninitialized urandom read (16 bytes read, 5 bits of entropy available)
[    3.861143] random: udevadm: uninitialized urandom read (16 bytes read, 5 bits of entropy available)
[    3.861218] random: udevadm: uninitialized urandom read (16 bytes read, 5 bits of entropy available)
[    3.861315] random: udevadm: uninitialized urandom read (16 bytes read, 5 bits of entropy available)
[    4.008870] e1000: Intel(R) PRO/1000 Network Driver - version 7.3.21-k8-NAPI
[    4.011318] e1000: Copyright (c) 1999-2006 Intel Corporation.
[    4.013726] Fusion MPT base driver 3.04.20
[    4.015360] Copyright (c) 1999-2008 LSI Corporation
[    4.076688] AVX2 version of gcm_enc/dec engaged.
[    4.080412] AES CTR mode by8 optimization enabled
[    4.082688] Fusion MPT SPI Host driver 3.04.20
[    4.230793] input: ImExPS/2 Generic Explorer Mouse as /devices/platform/i8042/serio1/input/input4
[    4.446067] tsc: Refined TSC clocksource calibration: 2209.522 MHz
[    4.449026] clocksource: tsc: mask: 0xffffffffffffffff max_cycles: 0x1fd955f0241, max_idle_ns: 440795287920 ns
[    4.549905] e1000 0000:00:03.0 eth0: (PCI:33MHz:32-bit) 02:6c:0f:88:42:07
[    4.554754] e1000 0000:00:03.0 eth0: Intel(R) PRO/1000 Network Connection
[    4.558398] mptbase: ioc0: Initiating bringup
[    4.558831] e1000 0000:00:03.0 enp0s3: renamed from eth0
[    4.851337] ioc0: LSI53C1030 A0: Capabilities={Initiator}
[    6.302479] scsi host2: ioc0: LSI53C1030 A0, FwRev=00000000h, Ports=1, MaxQ=256, IRQ=20
[    6.559347] scsi 2:0:0:0: Direct-Access     VBOX     HARDDISK         1.0  PQ: 0 ANSI: 5
[    6.562889] scsi target2:0:0: Beginning Domain Validation
[    6.567023] scsi target2:0:0: Domain Validation skipping write tests
[    6.569589] scsi target2:0:0: Ending Domain Validation
[    6.578083] scsi target2:0:0: asynchronous
[    6.580764] scsi 2:0:1:0: Direct-Access     VBOX     HARDDISK         1.0  PQ: 0 ANSI: 5
[    6.619060] scsi target2:0:1: Beginning Domain Validation
[    6.633251] scsi target2:0:1: Domain Validation skipping write tests
[    6.655662] scsi target2:0:1: Ending Domain Validation
[    6.659241] scsi target2:0:1: asynchronous
[    6.680882] sd 2:0:0:0: Attached scsi generic sg0 type 0
[    6.694735] sd 2:0:0:0: [sda] 20971520 512-byte logical blocks: (10.7 GB/10.0 GiB)
[    6.716904] sd 2:0:1:0: [sdb] 20480 512-byte logical blocks: (10.5 MB/10.0 MiB)
[    6.717074] sd 2:0:1:0: Attached scsi generic sg1 type 0
[    6.717741] sd 2:0:0:0: [sda] Write Protect is off
[    6.717902] sd 2:0:0:0: [sda] Incomplete mode parameter data
[    6.717904] sd 2:0:0:0: [sda] Assuming drive cache: write through
[    6.740942]  sda: sda1
[    6.742020] sd 2:0:0:0: [sda] Attached SCSI disk
[    6.771095] sd 2:0:1:0: [sdb] Write Protect is off
[    6.773729] sd 2:0:1:0: [sdb] Incomplete mode parameter data
[    6.788325] sd 2:0:1:0: [sdb] Assuming drive cache: write through
[    6.818922] sd 2:0:1:0: [sdb] Attached SCSI disk
Begin: Loading essential drivers ... [    8.487518] md: linear personality registered for level -1
[    8.494626] md: multipath personality registered for level -4
[    8.499536] md: raid0 personality registered for level 0
[    8.505526] md: raid1 personality registered for level 1
[    8.602350] raid6: sse2x1   gen()  7137 MB/s
[    8.670621] raid6: sse2x1   xor()  5091 MB/s
[    8.737995] raid6: sse2x2   gen()  8426 MB/s
